#
# There is insufficient memory for the Java Runtime Environment to continue.
# Native memory allocation (mmap) failed to map 79691776 bytes for committing reserved memory.
# Possible reasons:
#   The system is out of physical RAM or swap space
#   In 32 bit mode, the process size limit was hit
# Possible solutions:
#   Reduce memory load on the system
#   Increase physical memory or swap space
#   Check if swap backing store is full
#   Use 64 bit Java on a 64 bit OS
#   Decrease Java heap size (-Xmx/-Xms)
#   Decrease number of Java threads
#   Decrease Java thread stack sizes (-Xss)
#   Set larger code cache with -XX:ReservedCodeCacheSize=
# This output file may be truncated or incomplete.
#
#  Out of Memory Error (os_linux.cpp:2627), pid=9686, tid=0x00007f177bcfc700
#
# JRE version: Java(TM) SE Runtime Environment (8.0_121-b13) (build 1.8.0_121-b13)
# Java VM: Java HotSpot(TM) 64-Bit Server VM (25.121-b13 mixed mode linux-amd64 compressed oops)
# Failed to write core dump. Core dumps have been disabled. To enable core dumping, try "ulimit -c unlimited" before starting Java again
#

---------------  T H R E A D  ---------------

Current thread (0x00007f179c13e800):  VMThread [stack: 0x00007f177bbfc000,0x00007f177bcfd000] [id=9694]

Stack: [0x00007f177bbfc000,0x00007f177bcfd000],  sp=0x00007f177bcfb1e0,  free space=1020k
Native frames: (J=compiled Java code, j=interpreted, Vv=VM code, C=native code)
V  [libjvm.so+0xac703a]  VMError::report_and_die()+0x2ba
V  [libjvm.so+0x4fc7eb]  report_vm_out_of_memory(char const*, int, unsigned long, VMErrorType, char const*)+0x8b
V  [libjvm.so+0x923c43]  os::Linux::commit_memory_impl(char*, unsigned long, bool)+0x103
V  [libjvm.so+0x924199]  os::pd_commit_memory(char*, unsigned long, unsigned long, bool)+0x29
V  [libjvm.so+0x91e4aa]  os::commit_memory(char*, unsigned long, unsigned long, bool)+0x2a
V  [libjvm.so+0x992f03]  PSVirtualSpace::expand_by(unsigned long)+0x53
V  [libjvm.so+0x994308]  PSYoungGen::resize_generation(unsigned long, unsigned long)+0xf8
V  [libjvm.so+0x993462]  PSYoungGen::resize(unsigned long, unsigned long)+0x22
V  [libjvm.so+0x99073b]  PSScavenge::invoke_no_policy()+0xf3b
V  [libjvm.so+0x990ec1]  PSScavenge::invoke()+0x41
V  [libjvm.so+0x947c10]  ParallelScavengeHeap::failed_mem_allocate(unsigned long)+0x70
V  [libjvm.so+0xac8a57]  VM_ParallelGCFailedAllocation::doit()+0x97
V  [libjvm.so+0xad0535]  VM_Operation::evaluate()+0x55
V  [libjvm.so+0xace90a]  VMThread::evaluate_operation(VM_Operation*)+0xba
V  [libjvm.so+0xacec8e]  VMThread::loop()+0x1ce
V  [libjvm.so+0xacf100]  VMThread::run()+0x70
V  [libjvm.so+0x926268]  java_start(Thread*)+0x108

VM_Operation (0x00007f17a21806a0): ParallelGCFailedAllocation, mode: safepoint, requested by thread 0x00007f179c009800


---------------  P R O C E S S  ---------------

Java Threads: ( => current thread )
  0x00007f179c187000 JavaThread "Service Thread" daemon [_thread_blocked, id=9701, stack(0x00007f177b22c000,0x00007f177b32d000)]
  0x00007f179c184000 JavaThread "C1 CompilerThread2" daemon [_thread_blocked, id=9700, stack(0x00007f177b32d000,0x00007f177b42e000)]
  0x00007f179c182000 JavaThread "C2 CompilerThread1" daemon [_thread_blocked, id=9699, stack(0x00007f177b42e000,0x00007f177b52f000)]
  0x00007f179c17f000 JavaThread "C2 CompilerThread0" daemon [_thread_blocked, id=9698, stack(0x00007f177b52f000,0x00007f177b630000)]
  0x00007f179c17d800 JavaThread "Signal Dispatcher" daemon [_thread_blocked, id=9697, stack(0x00007f177b630000,0x00007f177b731000)]
  0x00007f179c14b000 JavaThread "Finalizer" daemon [_thread_blocked, id=9696, stack(0x00007f177b9fa000,0x00007f177bafb000)]
  0x00007f179c146800 JavaThread "Reference Handler" daemon [_thread_blocked, id=9695, stack(0x00007f177bafb000,0x00007f177bbfc000)]
  0x00007f179c009800 JavaThread "main" [_thread_blocked, id=9689, stack(0x00007f17a2083000,0x00007f17a2184000)]

Other Threads:
=>0x00007f179c13e800 VMThread [stack: 0x00007f177bbfc000,0x00007f177bcfd000] [id=9694]
  0x00007f179c18a000 WatcherThread [stack: 0x00007f177b12b000,0x00007f177b22c000] [id=9702]

VM state:at safepoint (normal execution)

VM Mutex/Monitor currently owned by a thread:  ([mutex/lock_event])
[0x00007f179c006010] Threads_lock - owner thread: 0x00007f179c13e800
[0x00007f179c006510] Heap_lock - owner thread: 0x00007f179c009800

Heap:
 PSYoungGen      total 247808K, used 96K [0x00000000ec000000, 0x00000000fb400000, 0x0000000100000000)
  eden space 245760K, 0% used [0x00000000ec000000,0x00000000ec000000,0x00000000fb000000)
  from space 2048K, 4% used [0x00000000fb000000,0x00000000fb018000,0x00000000fb200000)
  to   space 2048K, 0% used [0x00000000fb200000,0x00000000fb200000,0x00000000fb400000)
 ParOldGen       total 40960K, used 872K [0x00000000c4000000, 0x00000000c6800000, 0x00000000ec000000)
  object space 40960K, 2% used [0x00000000c4000000,0x00000000c40da160,0x00000000c6800000)
 Metaspace       used 5178K, capacity 5556K, committed 5760K, reserved 1056768K
  class space    used 557K, capacity 596K, committed 640K, reserved 1048576K

Card table byte_map: [0x00007f178bbce000,0x00007f178bdaf000] byte_map_base: 0x00007f178b5ae000

Marking Bits: (ParMarkBitMap*) 0x00007f17a155ec80
 Begin Bits: [0x00007f178988a000, 0x00007f178a78a000)
 End Bits:   [0x00007f178a78a000, 0x00007f178b68a000)

Polling page: 0x00007f17a21a8000

CodeCache: size=245760Kb used=3911Kb max_used=3927Kb free=241848Kb
 bounds [0x00007f178c16f000, 0x00007f178c54f000, 0x00007f179b16f000]
 total_blobs=955 nmethods=663 adapters=207
 compilation: enabled

Compilation events (10 events):
Event: 2.472 Thread 0x00007f179c184000  665       3       org.mariuszgromada.math.mxparser.syntaxchecker.SyntaxCheckerTokenManager::<init> (44 bytes)
Event: 2.472 Thread 0x00007f179c184000 nmethod 665 0x00007f178c527110 code [0x00007f178c527280, 0x00007f178c5275b0]
Event: 2.638 Thread 0x00007f179c17f000 nmethod 648 0x00007f178c539850 code [0x00007f178c539cc0, 0x00007f178c53cf38]
Event: 2.656 Thread 0x00007f179c184000  666       3       java.lang.ThreadLocal$ThreadLocalMap::getEntry (42 bytes)
Event: 2.657 Thread 0x00007f179c184000 nmethod 666 0x00007f178c526b50 code [0x00007f178c526cc0, 0x00007f178c526fc8]
Event: 2.657 Thread 0x00007f179c184000  667       3       java.math.BigDecimal::commonNeedIncrement (222 bytes)
Event: 2.735 Thread 0x00007f179c184000 nmethod 667 0x00007f178c523e10 code [0x00007f178c524020, 0x00007f178c524ac8]
Event: 2.787 Thread 0x00007f179c17f000  668       4       java.util.regex.Pattern::union (10 bytes)
Event: 2.789 Thread 0x00007f179c17f000 nmethod 668 0x00007f178c523b50 code [0x00007f178c523ca0, 0x00007f178c523d78]
Event: 2.799 Thread 0x00007f179c182000 nmethod 662 0x00007f178c543550 code [0x00007f178c543b00, 0x00007f178c546d20]

GC Heap History (10 events):
Event: 1.106 GC heap after
Heap after GC invocations=4 (full 0):
 PSYoungGen      total 64000K, used 960K [0x00000000ec000000, 0x00000000f0100000, 0x0000000100000000)
  eden space 61440K, 0% used [0x00000000ec000000,0x00000000ec000000,0x00000000efc00000)
  from space 2560K, 37% used [0x00000000efe80000,0x00000000eff70040,0x00000000f0100000)
  to   space 2560K, 0% used [0x00000000efc00000,0x00000000efc00000,0x00000000efe80000)
 ParOldGen       total 40960K, used 24K [0x00000000c4000000, 0x00000000c6800000, 0x00000000ec000000)
  object space 40960K, 0% used [0x00000000c4000000,0x00000000c4006000,0x00000000c6800000)
 Metaspace       used 4971K, capacity 5492K, committed 5760K, reserved 1056768K
  class space    used 557K, capacity 596K, committed 640K, reserved 1048576K
}
Event: 1.303 GC heap before
{Heap before GC invocations=5 (full 0):
 PSYoungGen      total 64000K, used 62400K [0x00000000ec000000, 0x00000000f0100000, 0x0000000100000000)
  eden space 61440K, 100% used [0x00000000ec000000,0x00000000efc00000,0x00000000efc00000)
  from space 2560K, 37% used [0x00000000efe80000,0x00000000eff70040,0x00000000f0100000)
  to   space 2560K, 0% used [0x00000000efc00000,0x00000000efc00000,0x00000000efe80000)
 ParOldGen       total 40960K, used 24K [0x00000000c4000000, 0x00000000c6800000, 0x00000000ec000000)
  object space 40960K, 0% used [0x00000000c4000000,0x00000000c4006000,0x00000000c6800000)
 Metaspace       used 5065K, capacity 5492K, committed 5760K, reserved 1056768K
  class space    used 557K, capacity 596K, committed 640K, reserved 1048576K
Event: 1.315 GC heap after
Heap after GC invocations=5 (full 0):
 PSYoungGen      total 64000K, used 912K [0x00000000ec000000, 0x00000000f3b00000, 0x0000000100000000)
  eden space 61440K, 0% used [0x00000000ec000000,0x00000000ec000000,0x00000000efc00000)
  from space 2560K, 35% used [0x00000000efc00000,0x00000000efce4050,0x00000000efe80000)
  to   space 1536K, 0% used [0x00000000f3980000,0x00000000f3980000,0x00000000f3b00000)
 ParOldGen       total 40960K, used 32K [0x00000000c4000000, 0x00000000c6800000, 0x00000000ec000000)
  object space 40960K, 0% used [0x00000000c4000000,0x00000000c4008000,0x00000000c6800000)
 Metaspace       used 5065K, capacity 5492K, committed 5760K, reserved 1056768K
  class space    used 557K, capacity 596K, committed 640K, reserved 1048576K
}
Event: 1.465 GC heap before
{Heap before GC invocations=6 (full 0):
 PSYoungGen      total 64000K, used 62352K [0x00000000ec000000, 0x00000000f3b00000, 0x0000000100000000)
  eden space 61440K, 100% used [0x00000000ec000000,0x00000000efc00000,0x00000000efc00000)
  from space 2560K, 35% used [0x00000000efc00000,0x00000000efce4050,0x00000000efe80000)
  to   space 1536K, 0% used [0x00000000f3980000,0x00000000f3980000,0x00000000f3b00000)
 ParOldGen       total 40960K, used 32K [0x00000000c4000000, 0x00000000c6800000, 0x00000000ec000000)
  object space 40960K, 0% used [0x00000000c4000000,0x00000000c4008000,0x00000000c6800000)
 Metaspace       used 5115K, capacity 5556K, committed 5760K, reserved 1056768K
  class space    used 557K, capacity 596K, committed 640K, reserved 1048576K
Event: 1.471 GC heap after
Heap after GC invocations=6 (full 0):
 PSYoungGen      total 124416K, used 912K [0x00000000ec000000, 0x00000000f3b00000, 0x0000000100000000)
  eden space 122880K, 0% used [0x00000000ec000000,0x00000000ec000000,0x00000000f3800000)
  from space 1536K, 59% used [0x00000000f3980000,0x00000000f3a64030,0x00000000f3b00000)
  to   space 1536K, 0% used [0x00000000f3800000,0x00000000f3800000,0x00000000f3980000)
 ParOldGen       total 40960K, used 40K [0x00000000c4000000, 0x00000000c6800000, 0x00000000ec000000)
  object space 40960K, 0% used [0x00000000c4000000,0x00000000c400a000,0x00000000c6800000)
 Metaspace       used 5115K, capacity 5556K, committed 5760K, reserved 1056768K
  class space    used 557K, capacity 596K, committed 640K, reserved 1048576K
}
Event: 1.820 GC heap before
{Heap before GC invocations=7 (full 0):
 PSYoungGen      total 124416K, used 123792K [0x00000000ec000000, 0x00000000f3b00000, 0x0000000100000000)
  eden space 122880K, 100% used [0x00000000ec000000,0x00000000f3800000,0x00000000f3800000)
  from space 1536K, 59% used [0x00000000f3980000,0x00000000f3a64030,0x00000000f3b00000)
  to   space 1536K, 0% used [0x00000000f3800000,0x00000000f3800000,0x00000000f3980000)
 ParOldGen       total 40960K, used 40K [0x00000000c4000000, 0x00000000c6800000, 0x00000000ec000000)
  object space 40960K, 0% used [0x00000000c4000000,0x00000000c400a000,0x00000000c6800000)
 Metaspace       used 5153K, capacity 5556K, committed 5760K, reserved 1056768K
  class space    used 557K, capacity 596K, committed 640K, reserved 1048576K
Event: 1.824 GC heap after
Heap after GC invocations=7 (full 0):
 PSYoungGen      total 124416K, used 64K [0x00000000ec000000, 0x00000000fb400000, 0x0000000100000000)
  eden space 122880K, 0% used [0x00000000ec000000,0x00000000ec000000,0x00000000f3800000)
  from space 1536K, 4% used [0x00000000f3800000,0x00000000f3810000,0x00000000f3980000)
  to   space 2048K, 0% used [0x00000000fb200000,0x00000000fb200000,0x00000000fb400000)
 ParOldGen       total 40960K, used 824K [0x00000000c4000000, 0x00000000c6800000, 0x00000000ec000000)
  object space 40960K, 2% used [0x00000000c4000000,0x00000000c40ce160,0x00000000c6800000)
 Metaspace       used 5153K, capacity 5556K, committed 5760K, reserved 1056768K
  class space    used 557K, capacity 596K, committed 640K, reserved 1048576K
}
Event: 2.064 GC heap before
{Heap before GC invocations=8 (full 0):
 PSYoungGen      total 124416K, used 122944K [0x00000000ec000000, 0x00000000fb400000, 0x0000000100000000)
  eden space 122880K, 100% used [0x00000000ec000000,0x00000000f3800000,0x00000000f3800000)
  from space 1536K, 4% used [0x00000000f3800000,0x00000000f3810000,0x00000000f3980000)
  to   space 2048K, 0% used [0x00000000fb200000,0x00000000fb200000,0x00000000fb400000)
 ParOldGen       total 40960K, used 824K [0x00000000c4000000, 0x00000000c6800000, 0x00000000ec000000)
  object space 40960K, 2% used [0x00000000c4000000,0x00000000c40ce160,0x00000000c6800000)
 Metaspace       used 5167K, capacity 5556K, committed 5760K, reserved 1056768K
  class space    used 557K, capacity 596K, committed 640K, reserved 1048576K
Event: 2.069 GC heap after
Heap after GC invocations=8 (full 0):
 PSYoungGen      total 247808K, used 128K [0x00000000ec000000, 0x00000000fb400000, 0x0000000100000000)
  eden space 245760K, 0% used [0x00000000ec000000,0x00000000ec000000,0x00000000fb000000)
  from space 2048K, 6% used [0x00000000fb200000,0x00000000fb220000,0x00000000fb400000)
  to   space 2048K, 0% used [0x00000000fb000000,0x00000000fb000000,0x00000000fb200000)
 ParOldGen       total 40960K, used 848K [0x00000000c4000000, 0x00000000c6800000, 0x00000000ec000000)
  object space 40960K, 2% used [0x00000000c4000000,0x00000000c40d4160,0x00000000c6800000)
 Metaspace       used 5167K, capacity 5556K, committed 5760K, reserved 1056768K
  class space    used 557K, capacity 596K, committed 640K, reserved 1048576K
}
Event: 2.909 GC heap before
{Heap before GC invocations=9 (full 0):
 PSYoungGen      total 247808K, used 245888K [0x00000000ec000000, 0x00000000fb400000, 0x0000000100000000)
  eden space 245760K, 100% used [0x00000000ec000000,0x00000000fb000000,0x00000000fb000000)
  from space 2048K, 6% used [0x00000000fb200000,0x00000000fb220000,0x00000000fb400000)
  to   space 2048K, 0% used [0x00000000fb000000,0x00000000fb000000,0x00000000fb200000)
 ParOldGen       total 40960K, used 848K [0x00000000c4000000, 0x00000000c6800000, 0x00000000ec000000)
  object space 40960K, 2% used [0x00000000c4000000,0x00000000c40d4160,0x00000000c6800000)
 Metaspace       used 5178K, capacity 5556K, committed 5760K, reserved 1056768K
  class space    used 557K, capacity 596K, committed 640K, reserved 1048576K

Deoptimization events (0 events):
No events

Internal exceptions (6 events):
Event: 0.062 Thread 0x00007f179c009800 Exception <a 'java/lang/NoSuchMethodError': Method sun.misc.Unsafe.defineClass(Ljava/lang/String;[BII)Ljava/lang/Class; name or signature does not match> (0x00000000ec007ca8) thrown at [/HUDSON3/workspace/8-2-build-linux-amd64/jdk8u121/8372/hotspot/src/sh
Event: 0.062 Thread 0x00007f179c009800 Exception <a 'java/lang/NoSuchMethodError': Method sun.misc.Unsafe.prefetchRead(Ljava/lang/Object;J)V name or signature does not match> (0x00000000ec007f90) thrown at [/HUDSON3/workspace/8-2-build-linux-amd64/jdk8u121/8372/hotspot/src/share/vm/prims/jni.c
Event: 0.449 Thread 0x00007f179c009800 Exception <a 'java/security/PrivilegedActionException'> (0x00000000ec360578) thrown at [/HUDSON3/workspace/8-2-build-linux-amd64/jdk8u121/8372/hotspot/src/share/vm/prims/jvm.cpp, line 1390]
Event: 0.449 Thread 0x00007f179c009800 Exception <a 'java/security/PrivilegedActionException'> (0x00000000ec360970) thrown at [/HUDSON3/workspace/8-2-build-linux-amd64/jdk8u121/8372/hotspot/src/share/vm/prims/jvm.cpp, line 1390]
Event: 0.450 Thread 0x00007f179c009800 Exception <a 'java/security/PrivilegedActionException'> (0x00000000ec3631a8) thrown at [/HUDSON3/workspace/8-2-build-linux-amd64/jdk8u121/8372/hotspot/src/share/vm/prims/jvm.cpp, line 1390]
Event: 0.450 Thread 0x00007f179c009800 Exception <a 'java/security/PrivilegedActionException'> (0x00000000ec3635a0) thrown at [/HUDSON3/workspace/8-2-build-linux-amd64/jdk8u121/8372/hotspot/src/share/vm/prims/jvm.cpp, line 1390]

Events (10 events):
Event: 2.069 Executing VM operation: ParallelGCFailedAllocation done
Event: 2.236 Thread 0x00007f179c009800 DEOPT PACKING pc=0x00007f178c46842a sp=0x00007f17a21805e0
Event: 2.236 Thread 0x00007f179c009800 DEOPT UNPACKING pc=0x00007f178c1b6233 sp=0x00007f17a2180850 mode 0
Event: 2.321 Thread 0x00007f179c009800 DEOPT PACKING pc=0x00007f178c46842a sp=0x00007f17a21805e0
Event: 2.321 Thread 0x00007f179c009800 DEOPT UNPACKING pc=0x00007f178c1b6233 sp=0x00007f17a2180850 mode 0
Event: 2.441 Thread 0x00007f179c009800 DEOPT PACKING pc=0x00007f178c420330 sp=0x00007f17a2180bd0
Event: 2.441 Thread 0x00007f179c009800 DEOPT UNPACKING pc=0x00007f178c1b6233 sp=0x00007f17a2180d40 mode 0
Event: 2.511 Thread 0x00007f179c009800 DEOPT PACKING pc=0x00007f178c46842a sp=0x00007f17a21805e0
Event: 2.511 Thread 0x00007f179c009800 DEOPT UNPACKING pc=0x00007f178c1b6233 sp=0x00007f17a2180850 mode 0
Event: 2.849 Executing VM operation: ParallelGCFailedAllocation


Dynamic libraries:
00400000-00401000 r-xp 00000000 08:07 437340                             /usr/lib/jvm/java-8-oracle/jre/bin/java
00600000-00601000 rw-p 00000000 08:07 437340                             /usr/lib/jvm/java-8-oracle/jre/bin/java
01a33000-01a54000 rw-p 00000000 00:00 0                                  [heap]
c4000000-c6800000 rw-p 00000000 00:00 0 
c6800000-ec000000 ---p 00000000 00:00 0 
ec000000-fb400000 rw-p 00000000 00:00 0 
100000000-1000a0000 rw-p 00000000 00:00 0 
1000a0000-140000000 ---p 00000000 00:00 0 
7f1750000000-7f1750021000 rw-p 00000000 00:00 0 
7f1750021000-7f1754000000 ---p 00000000 00:00 0 
7f1754000000-7f1754021000 rw-p 00000000 00:00 0 
7f1754021000-7f1758000000 ---p 00000000 00:00 0 
7f1758000000-7f1758951000 rw-p 00000000 00:00 0 
7f1758951000-7f175c000000 ---p 00000000 00:00 0 
7f175c000000-7f175ca76000 rw-p 00000000 00:00 0 
7f175ca76000-7f1760000000 ---p 00000000 00:00 0 
7f1760000000-7f1760021000 rw-p 00000000 00:00 0 
7f1760021000-7f1764000000 ---p 00000000 00:00 0 
7f1764000000-7f17647f2000 rw-p 00000000 00:00 0 
7f17647f2000-7f1768000000 ---p 00000000 00:00 0 
7f1768000000-7f1768021000 rw-p 00000000 00:00 0 
7f1768021000-7f176c000000 ---p 00000000 00:00 0 
7f176c000000-7f176c021000 rw-p 00000000 00:00 0 
7f176c021000-7f1770000000 ---p 00000000 00:00 0 
7f1770000000-7f177029e000 rw-p 00000000 00:00 0 
7f177029e000-7f1774000000 ---p 00000000 00:00 0 
7f1774000000-7f1774021000 rw-p 00000000 00:00 0 
7f1774021000-7f1778000000 ---p 00000000 00:00 0 
7f177b12b000-7f177b12c000 ---p 00000000 00:00 0 
7f177b12c000-7f177b22c000 rw-p 00000000 00:00 0                          [stack:9702]
7f177b22c000-7f177b22f000 ---p 00000000 00:00 0 
7f177b22f000-7f177b32d000 rw-p 00000000 00:00 0                          [stack:9701]
7f177b32d000-7f177b330000 ---p 00000000 00:00 0 
7f177b330000-7f177b42e000 rw-p 00000000 00:00 0                          [stack:9700]
7f177b42e000-7f177b431000 ---p 00000000 00:00 0 
7f177b431000-7f177b52f000 rw-p 00000000 00:00 0                          [stack:9699]
7f177b52f000-7f177b532000 ---p 00000000 00:00 0 
7f177b532000-7f177b630000 rw-p 00000000 00:00 0                          [stack:9698]
7f177b630000-7f177b633000 ---p 00000000 00:00 0 
7f177b633000-7f177b731000 rw-p 00000000 00:00 0                          [stack:9697]
7f177b731000-7f177b9fa000 r--p 00000000 08:07 400708                     /usr/lib/locale/locale-archive
7f177b9fa000-7f177b9fd000 ---p 00000000 00:00 0 
7f177b9fd000-7f177bafb000 rw-p 00000000 00:00 0                          [stack:9696]
7f177bafb000-7f177bafe000 ---p 00000000 00:00 0 
7f177bafe000-7f177bbfc000 rw-p 00000000 00:00 0                          [stack:9695]
7f177bbfc000-7f177bbfd000 ---p 00000000 00:00 0 
7f177bbfd000-7f177c000000 rw-p 00000000 00:00 0                          [stack:9694]
7f177c000000-7f177c021000 rw-p 00000000 00:00 0 
7f177c021000-7f1780000000 ---p 00000000 00:00 0 
7f1780000000-7f1780021000 rw-p 00000000 00:00 0 
7f1780021000-7f1784000000 ---p 00000000 00:00 0 
7f1784000000-7f1784021000 rw-p 00000000 00:00 0 
7f1784021000-7f1788000000 ---p 00000000 00:00 0 
7f17880c5000-7f1788cd1000 rw-p 00000000 00:00 0 
7f1788cd1000-7f1788eaa000 r--s 03d3e000 08:07 437334                     /usr/lib/jvm/java-8-oracle/jre/lib/rt.jar
7f1788eaa000-7f17893aa000 rw-p 00000000 00:00 0 
7f17893aa000-7f17896aa000 ---p 00000000 00:00 0 
7f17896aa000-7f178b68a000 rw-p 00000000 00:00 0 
7f178b68a000-7f178b68b000 ---p 00000000 00:00 0 
7f178b68b000-7f178b78b000 rw-p 00000000 00:00 0                          [stack:9693]
7f178b78b000-7f178b78c000 ---p 00000000 00:00 0 
7f178b78c000-7f178b88c000 rw-p 00000000 00:00 0                          [stack:9692]
7f178b88c000-7f178b88d000 ---p 00000000 00:00 0 
7f178b88d000-7f178b98d000 rw-p 00000000 00:00 0                          [stack:9691]
7f178b98d000-7f178b98e000 ---p 00000000 00:00 0 
7f178b98e000-7f178baa2000 rw-p 00000000 00:00 0                          [stack:9690]
7f178baa2000-7f178bbce000 ---p 00000000 00:00 0 
7f178bbce000-7f178bbe2000 rw-p 00000000 00:00 0 
7f178bbe2000-7f178bd0e000 ---p 00000000 00:00 0 
7f178bd0e000-7f178bd88000 rw-p 00000000 00:00 0 
7f178bd88000-7f178bdae000 ---p 00000000 00:00 0 
7f178bdae000-7f178bdbf000 rw-p 00000000 00:00 0 
7f178bdbf000-7f178c16f000 ---p 00000000 00:00 0 
7f178c16f000-7f178c54f000 rwxp 00000000 00:00 0 
7f178c54f000-7f179b16f000 ---p 00000000 00:00 0 
7f179b16f000-7f179b189000 r-xp 00000000 08:07 437208                     /usr/lib/jvm/java-8-oracle/jre/lib/amd64/libzip.so
7f179b189000-7f179b389000 ---p 0001a000 08:07 437208                     /usr/lib/jvm/java-8-oracle/jre/lib/amd64/libzip.so
7f179b389000-7f179b38a000 rw-p 0001a000 08:07 437208                     /usr/lib/jvm/java-8-oracle/jre/lib/amd64/libzip.so
7f179b38a000-7f179b395000 r-xp 00000000 08:07 918974                     /lib/x86_64-linux-gnu/libnss_files-2.19.so
7f179b395000-7f179b594000 ---p 0000b000 08:07 918974                     /lib/x86_64-linux-gnu/libnss_files-2.19.so
7f179b594000-7f179b595000 r--p 0000a000 08:07 918974                     /lib/x86_64-linux-gnu/libnss_files-2.19.so
7f179b595000-7f179b596000 rw-p 0000b000 08:07 918974                     /lib/x86_64-linux-gnu/libnss_files-2.19.so
7f179b596000-7f179b5a1000 r-xp 00000000 08:07 918984                     /lib/x86_64-linux-gnu/libnss_nis-2.19.so
7f179b5a1000-7f179b7a0000 ---p 0000b000 08:07 918984                     /lib/x86_64-linux-gnu/libnss_nis-2.19.so
7f179b7a0000-7f179b7a1000 r--p 0000a000 08:07 918984                     /lib/x86_64-linux-gnu/libnss_nis-2.19.so
7f179b7a1000-7f179b7a2000 rw-p 0000b000 08:07 918984                     /lib/x86_64-linux-gnu/libnss_nis-2.19.so
7f179b7a2000-7f179b7b9000 r-xp 00000000 08:07 918968                     /lib/x86_64-linux-gnu/libnsl-2.19.so
7f179b7b9000-7f179b9b8000 ---p 00017000 08:07 918968                     /lib/x86_64-linux-gnu/libnsl-2.19.so
7f179b9b8000-7f179b9b9000 r--p 00016000 08:07 918968                     /lib/x86_64-linux-gnu/libnsl-2.19.so
7f179b9b9000-7f179b9ba000 rw-p 00017000 08:07 918968                     /lib/x86_64-linux-gnu/libnsl-2.19.so
7f179b9ba000-7f179b9bc000 rw-p 00000000 00:00 0 
7f179b9bc000-7f179b9c5000 r-xp 00000000 08:07 918970                     /lib/x86_64-linux-gnu/libnss_compat-2.19.so
7f179b9c5000-7f179bbc4000 ---p 00009000 08:07 918970                     /lib/x86_64-linux-gnu/libnss_compat-2.19.so
7f179bbc4000-7f179bbc5000 r--p 00008000 08:07 918970                     /lib/x86_64-linux-gnu/libnss_compat-2.19.so
7f179bbc5000-7f179bbc6000 rw-p 00009000 08:07 918970                     /lib/x86_64-linux-gnu/libnss_compat-2.19.so
7f179bbc6000-7f179bbf1000 r-xp 00000000 08:07 437169                     /usr/lib/jvm/java-8-oracle/jre/lib/amd64/libjava.so
7f179bbf1000-7f179bdf0000 ---p 0002b000 08:07 437169                     /usr/lib/jvm/java-8-oracle/jre/lib/amd64/libjava.so
7f179bdf0000-7f179bdf2000 rw-p 0002a000 08:07 437169                     /usr/lib/jvm/java-8-oracle/jre/lib/amd64/libjava.so
7f179bdf2000-7f179bdff000 r-xp 00000000 08:07 437170                     /usr/lib/jvm/java-8-oracle/jre/lib/amd64/libverify.so
7f179bdff000-7f179bffe000 ---p 0000d000 08:07 437170                     /usr/lib/jvm/java-8-oracle/jre/lib/amd64/libverify.so
7f179bffe000-7f179c000000 rw-p 0000c000 08:07 437170                     /usr/lib/jvm/java-8-oracle/jre/lib/amd64/libverify.so
7f179c000000-7f179c51b000 rw-p 00000000 00:00 0 
7f179c51b000-7f17a0000000 ---p 00000000 00:00 0 
7f17a0033000-7f17a0035000 r--s 00007000 08:07 817023                     /home/kirzten/.m2/repository/org/apache/maven/surefire/surefire-junit4/2.10/surefire-junit4-2.10.jar
7f17a0035000-7f17a0038000 r--s 00035000 08:07 827065                     /home/kirzten/workspace/prob2branch/src/lib/mxparser.jar
7f17a0038000-7f17a003d000 r--s 00023000 08:07 816725                     /home/kirzten/.m2/repository/junit/junit/4.4/junit-4.4.jar
7f17a003d000-7f17a008c000 rw-p 00000000 00:00 0 
7f17a008c000-7f17a0093000 r-xp 00000000 08:07 919027                     /lib/x86_64-linux-gnu/librt-2.19.so
7f17a0093000-7f17a0292000 ---p 00007000 08:07 919027                     /lib/x86_64-linux-gnu/librt-2.19.so
7f17a0292000-7f17a0293000 r--p 00006000 08:07 919027                     /lib/x86_64-linux-gnu/librt-2.19.so
7f17a0293000-7f17a0294000 rw-p 00007000 08:07 919027                     /lib/x86_64-linux-gnu/librt-2.19.so
7f17a0294000-7f17a0399000 r-xp 00000000 08:07 918949                     /lib/x86_64-linux-gnu/libm-2.19.so
7f17a0399000-7f17a0598000 ---p 00105000 08:07 918949                     /lib/x86_64-linux-gnu/libm-2.19.so
7f17a0598000-7f17a0599000 r--p 00104000 08:07 918949                     /lib/x86_64-linux-gnu/libm-2.19.so
7f17a0599000-7f17a059a000 rw-p 00105000 08:07 918949                     /lib/x86_64-linux-gnu/libm-2.19.so
7f17a059a000-7f17a1268000 r-xp 00000000 08:07 437175                     /usr/lib/jvm/java-8-oracle/jre/lib/amd64/server/libjvm.so
7f17a1268000-7f17a1468000 ---p 00cce000 08:07 437175                     /usr/lib/jvm/java-8-oracle/jre/lib/amd64/server/libjvm.so
7f17a1468000-7f17a1541000 rw-p 00cce000 08:07 437175                     /usr/lib/jvm/java-8-oracle/jre/lib/amd64/server/libjvm.so
7f17a1541000-7f17a158c000 rw-p 00000000 00:00 0 
7f17a158c000-7f17a1747000 r-xp 00000000 08:07 918898                     /lib/x86_64-linux-gnu/libc-2.19.so
7f17a1747000-7f17a1946000 ---p 001bb000 08:07 918898                     /lib/x86_64-linux-gnu/libc-2.19.so
7f17a1946000-7f17a194a000 r--p 001ba000 08:07 918898                     /lib/x86_64-linux-gnu/libc-2.19.so
7f17a194a000-7f17a194c000 rw-p 001be000 08:07 918898                     /lib/x86_64-linux-gnu/libc-2.19.so
7f17a194c000-7f17a1951000 rw-p 00000000 00:00 0 
7f17a1951000-7f17a1954000 r-xp 00000000 08:07 918915                     /lib/x86_64-linux-gnu/libdl-2.19.so
7f17a1954000-7f17a1b53000 ---p 00003000 08:07 918915                     /lib/x86_64-linux-gnu/libdl-2.19.so
7f17a1b53000-7f17a1b54000 r--p 00002000 08:07 918915                     /lib/x86_64-linux-gnu/libdl-2.19.so
7f17a1b54000-7f17a1b55000 rw-p 00003000 08:07 918915                     /lib/x86_64-linux-gnu/libdl-2.19.so
7f17a1b55000-7f17a1b6a000 r-xp 00000000 08:07 437203                     /usr/lib/jvm/java-8-oracle/jre/lib/amd64/jli/libjli.so
7f17a1b6a000-7f17a1d6a000 ---p 00015000 08:07 437203                     /usr/lib/jvm/java-8-oracle/jre/lib/amd64/jli/libjli.so
7f17a1d6a000-7f17a1d6b000 rw-p 00015000 08:07 437203                     /usr/lib/jvm/java-8-oracle/jre/lib/amd64/jli/libjli.so
7f17a1d6b000-7f17a1d84000 r-xp 00000000 08:07 919019                     /lib/x86_64-linux-gnu/libpthread-2.19.so
7f17a1d84000-7f17a1f83000 ---p 00019000 08:07 919019                     /lib/x86_64-linux-gnu/libpthread-2.19.so
7f17a1f83000-7f17a1f84000 r--p 00018000 08:07 919019                     /lib/x86_64-linux-gnu/libpthread-2.19.so
7f17a1f84000-7f17a1f85000 rw-p 00019000 08:07 919019                     /lib/x86_64-linux-gnu/libpthread-2.19.so
7f17a1f85000-7f17a1f89000 rw-p 00000000 00:00 0 
7f17a1f89000-7f17a1fac000 r-xp 00000000 08:07 918872                     /lib/x86_64-linux-gnu/ld-2.19.so
7f17a1fad000-7f17a1fb2000 r--s 00023000 08:07 848247                     /home/kirzten/.m2/repository/org/apache/maven/surefire/surefire-api/2.10/surefire-api-2.10.jar
7f17a1fb2000-7f17a2083000 rw-p 00000000 00:00 0 
7f17a2083000-7f17a2086000 ---p 00000000 00:00 0 
7f17a2086000-7f17a2189000 rw-p 00000000 00:00 0                          [stack:9689]
7f17a2189000-7f17a218b000 r--s 00007000 08:07 848246                     /home/kirzten/.m2/repository/org/apache/maven/surefire/surefire-booter/2.10/surefire-booter-2.10.jar
7f17a218b000-7f17a218c000 r--s 00000000 08:07 827253                     /home/kirzten/workspace/prob2branch/target/surefire/surefirebooter2917687405890962874.jar
7f17a218c000-7f17a219f000 rw-p 00000000 00:00 0 
7f17a219f000-7f17a21a7000 rw-s 00000000 08:07 827258                     /tmp/hsperfdata_kirzten/9686
7f17a21a7000-7f17a21a8000 rw-p 00000000 00:00 0 
7f17a21a8000-7f17a21a9000 ---p 00000000 00:00 0 
7f17a21a9000-7f17a21ab000 rw-p 00000000 00:00 0 
7f17a21ab000-7f17a21ac000 r--p 00022000 08:07 918872                     /lib/x86_64-linux-gnu/ld-2.19.so
7f17a21ac000-7f17a21ad000 rw-p 00023000 08:07 918872                     /lib/x86_64-linux-gnu/ld-2.19.so
7f17a21ad000-7f17a21ae000 rw-p 00000000 00:00 0 
7ffe3ff06000-7ffe3ff27000 rw-p 00000000 00:00 0                          [stack]
7ffe3ffb2000-7ffe3ffb4000 r-xp 00000000 00:00 0                          [vdso]
7ffe3ffb4000-7ffe3ffb6000 r--p 00000000 00:00 0                          [vvar]
ffffffffff600000-ffffffffff601000 r-xp 00000000 00:00 0                  [vsyscall]

VM Arguments:
java_command: /home/kirzten/workspace/prob2branch/target/surefire/surefirebooter2917687405890962874.jar /home/kirzten/workspace/prob2branch/target/surefire/surefire490869936653848479tmp /home/kirzten/workspace/prob2branch/target/surefire/surefire8770185550022205036tmp
java_class_path (initial): /home/kirzten/workspace/prob2branch/target/surefire/surefirebooter2917687405890962874.jar
Launcher Type: SUN_STANDARD

Environment Variables:
PATH=/usr/local/heroku/bin:/home/kirzten/.rbenv/shims:/home/kirzten/.rbenv/bin:/usr/local/sbin:/usr/local/bin:/usr/sbin:/usr/bin:/sbin:/bin:/usr/games:/usr/local/games
USERNAME=kirzten
SHELL=/bin/bash
DISPLAY=:0

Signal Handlers:
SIGSEGV: [libjvm.so+0xac78c0], sa_mask[0]=11111111011111111101111111111110, sa_flags=SA_RESTART|SA_SIGINFO
SIGBUS: [libjvm.so+0xac78c0], sa_mask[0]=11111111011111111101111111111110, sa_flags=SA_RESTART|SA_SIGINFO
SIGFPE: [libjvm.so+0x920ac0], sa_mask[0]=11111111011111111101111111111110, sa_flags=SA_RESTART|SA_SIGINFO
SIGPIPE: [libjvm.so+0x920ac0], sa_mask[0]=11111111011111111101111111111110, sa_flags=SA_RESTART|SA_SIGINFO
SIGXFSZ: [libjvm.so+0x920ac0], sa_mask[0]=11111111011111111101111111111110, sa_flags=SA_RESTART|SA_SIGINFO
SIGILL: [libjvm.so+0x920ac0], sa_mask[0]=11111111011111111101111111111110, sa_flags=SA_RESTART|SA_SIGINFO
SIGUSR1: SIG_DFL, sa_mask[0]=00000000000000000000000000000000, sa_flags=none
SIGUSR2: [libjvm.so+0x922300], sa_mask[0]=00100000000000000000000000000000, sa_flags=SA_RESTART|SA_SIGINFO
SIGHUP: [libjvm.so+0x923700], sa_mask[0]=11111111011111111101111111111110, sa_flags=SA_RESTART|SA_SIGINFO
SIGINT: [libjvm.so+0x923700], sa_mask[0]=11111111011111111101111111111110, sa_flags=SA_RESTART|SA_SIGINFO
SIGTERM: [libjvm.so+0x923700], sa_mask[0]=11111111011111111101111111111110, sa_flags=SA_RESTART|SA_SIGINFO
SIGQUIT: [libjvm.so+0x923700], sa_mask[0]=11111111011111111101111111111110, sa_flags=SA_RESTART|SA_SIGINFO


---------------  S Y S T E M  ---------------

OS:DISTRIB_ID=LinuxMint
DISTRIB_RELEASE=17.2
DISTRIB_CODENAME=rafaela
DISTRIB_DESCRIPTION="Linux Mint 17.2 Rafaela"

uname:Linux 3.16.0-38-generic #52~14.04.1-Ubuntu SMP Fri May 8 09:43:57 UTC 2015 x86_64
libc:glibc 2.19 NPTL 2.19 
rlimit: STACK 8192k, CORE 0k, NPROC 14342, NOFILE 4096, AS infinity
load average:1.05 1.10 1.13

/proc/meminfo:
MemTotal:        3931896 kB
MemFree:          119528 kB
MemAvailable:      73232 kB
Buffers:            1332 kB
Cached:           276500 kB
SwapCached:            0 kB
Active:          3420332 kB
Inactive:         237796 kB
Active(anon):    3407984 kB
Inactive(anon):   203396 kB
Active(file):      12348 kB
Inactive(file):    34400 kB
Unevictable:           0 kB
Mlocked:               0 kB
SwapTotal:             0 kB
SwapFree:              0 kB
Dirty:               292 kB
Writeback:             0 kB
AnonPages:       3380736 kB
Mapped:           150108 kB
Shmem:            230644 kB
Slab:              57160 kB
SReclaimable:      29580 kB
SUnreclaim:        27580 kB
KernelStack:        9424 kB
PageTables:        33448 kB
NFS_Unstable:          0 kB
Bounce:                0 kB
WritebackTmp:          0 kB
CommitLimit:     1965948 kB
Committed_AS:    6804568 kB
VmallocTotal:   34359738367 kB
VmallocUsed:      598316 kB
VmallocChunk:   34359121188 kB
HardwareCorrupted:     0 kB
AnonHugePages:    892928 kB
HugePages_Total:       0
HugePages_Free:        0
HugePages_Rsvd:        0
HugePages_Surp:        0
Hugepagesize:       2048 kB
DirectMap4k:       91012 kB
DirectMap2M:     3987456 kB


CPU:total 4 (4 cores per cpu, 1 threads per core) family 6 model 55 stepping 8, cmov, cx8, fxsr, mmx, sse, sse2, sse3, ssse3, sse4.1, sse4.2, popcnt, clmul, erms, 3dnowpref, tsc, tscinvbit

/proc/cpuinfo:
processor	: 0
vendor_id	: GenuineIntel
cpu family	: 6
model		: 55
model name	: Intel(R) Pentium(R) CPU  N3540  @ 2.16GHz
stepping	: 8
microcode	: 0x813
cpu MHz		: 499.826
cache size	: 1024 KB
physical id	: 0
siblings	: 4
core id		: 0
cpu cores	: 4
apicid		: 0
initial apicid	: 0
fpu		: yes
fpu_exception	: yes
cpuid level	: 11
wp		: yes
flags		: fpu vme de pse tsc msr pae mce cx8 apic sep mtrr pge mca cmov pat pse36 clflush dts acpi mmx fxsr sse sse2 ss ht tm pbe syscall nx rdtscp lm constant_tsc arch_perfmon pebs bts rep_good nopl xtopology nonstop_tsc aperfmperf pni pclmulqdq dtes64 monitor ds_cpl vmx est tm2 ssse3 cx16 xtpr pdcm sse4_1 sse4_2 movbe popcnt tsc_deadline_timer rdrand lahf_lm 3dnowprefetch ida arat epb dtherm tpr_shadow vnmi flexpriority ept vpid tsc_adjust smep erms
bogomips	: 4326.40
clflush size	: 64
cache_alignment	: 64
address sizes	: 36 bits physical, 48 bits virtual
power management:

processor	: 1
vendor_id	: GenuineIntel
cpu family	: 6
model		: 55
model name	: Intel(R) Pentium(R) CPU  N3540  @ 2.16GHz
stepping	: 8
microcode	: 0x813
cpu MHz		: 499.826
cache size	: 1024 KB
physical id	: 0
siblings	: 4
core id		: 1
cpu cores	: 4
apicid		: 2
initial apicid	: 2
fpu		: yes
fpu_exception	: yes
cpuid level	: 11
wp		: yes
flags		: fpu vme de pse tsc msr pae mce cx8 apic sep mtrr pge mca cmov pat pse36 clflush dts acpi mmx fxsr sse sse2 ss ht tm pbe syscall nx rdtscp lm constant_tsc arch_perfmon pebs bts rep_good nopl xtopology nonstop_tsc aperfmperf pni pclmulqdq dtes64 monitor ds_cpl vmx est tm2 ssse3 cx16 xtpr pdcm sse4_1 sse4_2 movbe popcnt tsc_deadline_timer rdrand lahf_lm 3dnowprefetch ida arat epb dtherm tpr_shadow vnmi flexpriority ept vpid tsc_adjust smep erms
bogomips	: 4326.40
clflush size	: 64
cache_alignment	: 64
address sizes	: 36 bits physical, 48 bits virtual
power management:

processor	: 2
vendor_id	: GenuineIntel
cpu family	: 6
model		: 55
model name	: Intel(R) Pentium(R) CPU  N3540  @ 2.16GHz
stepping	: 8
microcode	: 0x813
cpu MHz		: 499.826
cache size	: 1024 KB
physical id	: 0
siblings	: 4
core id		: 2
cpu cores	: 4
apicid		: 4
initial apicid	: 4
fpu		: yes
fpu_exception	: yes
cpuid level	: 11
wp		: yes
flags		: fpu vme de pse tsc msr pae mce cx8 apic sep mtrr pge mca cmov pat pse36 clflush dts acpi mmx fxsr sse sse2 ss ht tm pbe syscall nx rdtscp lm constant_tsc arch_perfmon pebs bts rep_good nopl xtopology nonstop_tsc aperfmperf pni pclmulqdq dtes64 monitor ds_cpl vmx est tm2 ssse3 cx16 xtpr pdcm sse4_1 sse4_2 movbe popcnt tsc_deadline_timer rdrand lahf_lm 3dnowprefetch ida arat epb dtherm tpr_shadow vnmi flexpriority ept vpid tsc_adjust smep erms
bogomips	: 4326.40
clflush size	: 64
cache_alignment	: 64
address sizes	: 36 bits physical, 48 bits virtual
power management:

processor	: 3
vendor_id	: GenuineIntel
cpu family	: 6
model		: 55
model name	: Intel(R) Pentium(R) CPU  N3540  @ 2.16GHz
stepping	: 8
microcode	: 0x813
cpu MHz		: 499.826
cache size	: 1024 KB
physical id	: 0
siblings	: 4
core id		: 3
cpu cores	: 4
apicid		: 6
initial apicid	: 6
fpu		: yes
fpu_exception	: yes
cpuid level	: 11
wp		: yes
flags		: fpu vme de pse tsc msr pae mce cx8 apic sep mtrr pge mca cmov pat pse36 clflush dts acpi mmx fxsr sse sse2 ss ht tm pbe syscall nx rdtscp lm constant_tsc arch_perfmon pebs bts rep_good nopl xtopology nonstop_tsc aperfmperf pni pclmulqdq dtes64 monitor ds_cpl vmx est tm2 ssse3 cx16 xtpr pdcm sse4_1 sse4_2 movbe popcnt tsc_deadline_timer rdrand lahf_lm 3dnowprefetch ida arat epb dtherm tpr_shadow vnmi flexpriority ept vpid tsc_adjust smep erms
bogomips	: 4326.40
clflush size	: 64
cache_alignment	: 64
address sizes	: 36 bits physical, 48 bits virtual
power management:



Memory: 4k page, physical 3931896k(119528k free), swap 0k(0k free)

vm_info: Java HotSpot(TM) 64-Bit Server VM (25.121-b13) for linux-amd64 JRE (1.8.0_121-b13), built on Dec 12 2016 16:36:53 by "java_re" with gcc 4.3.0 20080428 (Red Hat 4.3.0-8)

time: Tue Feb 21 11:59:36 2017
elapsed time: 6 seconds (0d 0h 0m 6s)

